<?xml version="1.0" encoding="UTF-8"?>
<!-- Generated by org.testng.reporters.JUnitXMLReporter -->
<testsuite hostname="LAPTOP-0A11AR8K" ignored="0" name="Regression1" tests="9" failures="3" timestamp="20 Sep 2018 17:05:28 GMT" time="0.076" errors="0">
  <testcase name="testFail" time="0.016" classname="samplescripts.SampleScript1">
    <skipped/>
  </testcase> <!-- testFail -->
  <testcase name="testFail" time="0.0" classname="samplescripts.SampleScript1">
    <failure type="java.lang.AssertionError" message="I am asserting false. expected [true] but found [false]">
      <![CDATA[java.lang.AssertionError: I am asserting false. expected [true] but found [false]
at samplescripts.SampleScript1.testFail(SampleScript1.java:14)
... Removed 28 stack frames]]>
    </failure>
  </testcase> <!-- testFail -->
  <testcase name="testSucc" time="0.0" classname="samplescripts.SampleScript1"/>
  <testcase name="test2" time="0.004" classname="samplescripts.SampleScript4$Test2">
    <skipped/>
  </testcase> <!-- test2 -->
  <testcase name="test2" time="0.004" classname="samplescripts.SampleScript4$Test2">
    <failure type="java.lang.AssertionError" message="expected [true] but found [false]">
      <![CDATA[java.lang.AssertionError: expected [true] but found [false]
at samplescripts.SampleScript4$Test2.test2(SampleScript4.java:12)
... Removed 29 stack frames]]>
    </failure>
  </testcase> <!-- test2 -->
  <testcase name="testFalse" time="0.0" classname="samplescripts.SampleScript2">
    <skipped/>
  </testcase> <!-- testFalse -->
  <testcase name="testFalse" time="0.0" classname="samplescripts.SampleScript2">
    <failure type="java.lang.AssertionError" message="I am asserting false. expected [true] but found [false]">
      <![CDATA[java.lang.AssertionError: I am asserting false. expected [true] but found [false]
at samplescripts.SampleScript2.testFalse(SampleScript2.java:16)
... Removed 28 stack frames]]>
    </failure>
  </testcase> <!-- testFalse -->
  <testcase name="testTrue" time="0.0" classname="samplescripts.SampleScript2"/>
  <testcase name="test1" time="0.004" classname="samplescripts.SampleScript3"/>
</testsuite> <!-- Regression1 -->
